CRITICAL - 2021-03-30 03:07:47 --> Undefined variable: user
#0 /home/zangetsu/project_skripsi/app/Views/templates/topbar.php(13): CodeIgniter\Debug\Exceptions->errorHandler()
#1 /home/zangetsu/project_skripsi/vendor/codeigniter4/framework/system/View/View.php(220): include('/home/zangetsu/...')
#2 /home/zangetsu/project_skripsi/vendor/codeigniter4/framework/system/View/View.php(222): CodeIgniter\View\View->CodeIgniter\View\{closure}()
#3 /home/zangetsu/project_skripsi/vendor/codeigniter4/framework/system/View/View.php(468): CodeIgniter\View\View->render()
#4 /home/zangetsu/project_skripsi/app/Views/templates/index.php(40): CodeIgniter\View\View->include()
#5 /home/zangetsu/project_skripsi/vendor/codeigniter4/framework/system/View/View.php(220): include('/home/zangetsu/...')
#6 /home/zangetsu/project_skripsi/vendor/codeigniter4/framework/system/View/View.php(222): CodeIgniter\View\View->CodeIgniter\View\{closure}()
#7 /home/zangetsu/project_skripsi/vendor/codeigniter4/framework/system/View/View.php(236): CodeIgniter\View\View->render()
#8 /home/zangetsu/project_skripsi/vendor/codeigniter4/framework/system/Common.php(1217): CodeIgniter\View\View->render()
#9 /home/zangetsu/project_skripsi/app/Controllers/Sampah.php(55): view()
#10 /home/zangetsu/project_skripsi/vendor/codeigniter4/framework/system/CodeIgniter.php(936): App\Controllers\Sampah->create()
#11 /home/zangetsu/project_skripsi/vendor/codeigniter4/framework/system/CodeIgniter.php(432): CodeIgniter\CodeIgniter->runController()
#12 /home/zangetsu/project_skripsi/vendor/codeigniter4/framework/system/CodeIgniter.php(333): CodeIgniter\CodeIgniter->handleRequest()
#13 /home/zangetsu/project_skripsi/public/index.php(44): CodeIgniter\CodeIgniter->run()
#14 /home/zangetsu/project_skripsi/vendor/codeigniter4/framework/system/Commands/Server/rewrite.php(45): require_once('/home/zangetsu/...')
#15 {main}
CRITICAL - 2021-03-30 03:09:21 --> Undefined index: style
#0 /home/zangetsu/project_skripsi/vendor/tecnickcom/tcpdf/tcpdf.php(18924): CodeIgniter\Debug\Exceptions->errorHandler()
#1 /home/zangetsu/project_skripsi/vendor/tecnickcom/tcpdf/tcpdf.php(18398): TCPDF->openHTMLTagHandler()
#2 /home/zangetsu/project_skripsi/app/Controllers/Transaksi.php(161): TCPDF->writeHTML()
#3 /home/zangetsu/project_skripsi/vendor/codeigniter4/framework/system/CodeIgniter.php(936): App\Controllers\Transaksi->rekap()
#4 /home/zangetsu/project_skripsi/vendor/codeigniter4/framework/system/CodeIgniter.php(432): CodeIgniter\CodeIgniter->runController()
#5 /home/zangetsu/project_skripsi/vendor/codeigniter4/framework/system/CodeIgniter.php(333): CodeIgniter\CodeIgniter->handleRequest()
#6 /home/zangetsu/project_skripsi/public/index.php(44): CodeIgniter\CodeIgniter->run()
#7 /home/zangetsu/project_skripsi/vendor/codeigniter4/framework/system/Commands/Server/rewrite.php(45): require_once('/home/zangetsu/...')
#8 {main}
CRITICAL - 2021-03-30 15:18:32 --> Undefined index: style
#0 /home/zangetsu/project_skripsi/vendor/tecnickcom/tcpdf/tcpdf.php(18924): CodeIgniter\Debug\Exceptions->errorHandler()
#1 /home/zangetsu/project_skripsi/vendor/tecnickcom/tcpdf/tcpdf.php(18398): TCPDF->openHTMLTagHandler()
#2 /home/zangetsu/project_skripsi/app/Controllers/Transaksi.php(161): TCPDF->writeHTML()
#3 /home/zangetsu/project_skripsi/vendor/codeigniter4/framework/system/CodeIgniter.php(936): App\Controllers\Transaksi->rekap()
#4 /home/zangetsu/project_skripsi/vendor/codeigniter4/framework/system/CodeIgniter.php(432): CodeIgniter\CodeIgniter->runController()
#5 /home/zangetsu/project_skripsi/vendor/codeigniter4/framework/system/CodeIgniter.php(333): CodeIgniter\CodeIgniter->handleRequest()
#6 /home/zangetsu/project_skripsi/public/index.php(44): CodeIgniter\CodeIgniter->run()
#7 /home/zangetsu/project_skripsi/vendor/codeigniter4/framework/system/Commands/Server/rewrite.php(45): require_once('/home/zangetsu/...')
#8 {main}
CRITICAL - 2021-03-30 15:19:01 --> Undefined index: style
#0 /home/zangetsu/project_skripsi/vendor/tecnickcom/tcpdf/tcpdf.php(18924): CodeIgniter\Debug\Exceptions->errorHandler()
#1 /home/zangetsu/project_skripsi/vendor/tecnickcom/tcpdf/tcpdf.php(18398): TCPDF->openHTMLTagHandler()
#2 /home/zangetsu/project_skripsi/app/Controllers/Transaksi.php(161): TCPDF->writeHTML()
#3 /home/zangetsu/project_skripsi/vendor/codeigniter4/framework/system/CodeIgniter.php(936): App\Controllers\Transaksi->rekap()
#4 /home/zangetsu/project_skripsi/vendor/codeigniter4/framework/system/CodeIgniter.php(432): CodeIgniter\CodeIgniter->runController()
#5 /home/zangetsu/project_skripsi/vendor/codeigniter4/framework/system/CodeIgniter.php(333): CodeIgniter\CodeIgniter->handleRequest()
#6 /home/zangetsu/project_skripsi/public/index.php(44): CodeIgniter\CodeIgniter->run()
#7 /home/zangetsu/project_skripsi/vendor/codeigniter4/framework/system/Commands/Server/rewrite.php(45): require_once('/home/zangetsu/...')
#8 {main}
CRITICAL - 2021-03-30 15:20:39 --> Undefined index: style
#0 /home/zangetsu/project_skripsi/vendor/tecnickcom/tcpdf/tcpdf.php(18924): CodeIgniter\Debug\Exceptions->errorHandler()
#1 /home/zangetsu/project_skripsi/vendor/tecnickcom/tcpdf/tcpdf.php(18398): TCPDF->openHTMLTagHandler()
#2 /home/zangetsu/project_skripsi/app/Controllers/Transaksi.php(163): TCPDF->writeHTML()
#3 /home/zangetsu/project_skripsi/vendor/codeigniter4/framework/system/CodeIgniter.php(936): App\Controllers\Transaksi->rekap()
#4 /home/zangetsu/project_skripsi/vendor/codeigniter4/framework/system/CodeIgniter.php(432): CodeIgniter\CodeIgniter->runController()
#5 /home/zangetsu/project_skripsi/vendor/codeigniter4/framework/system/CodeIgniter.php(333): CodeIgniter\CodeIgniter->handleRequest()
#6 /home/zangetsu/project_skripsi/public/index.php(44): CodeIgniter\CodeIgniter->run()
#7 /home/zangetsu/project_skripsi/vendor/codeigniter4/framework/system/Commands/Server/rewrite.php(45): require_once('/home/zangetsu/...')
#8 {main}
CRITICAL - 2021-03-30 15:22:40 --> Undefined index: style
#0 /home/zangetsu/project_skripsi/vendor/tecnickcom/tcpdf/tcpdf.php(18924): CodeIgniter\Debug\Exceptions->errorHandler()
#1 /home/zangetsu/project_skripsi/vendor/tecnickcom/tcpdf/tcpdf.php(18398): TCPDF->openHTMLTagHandler()
#2 /home/zangetsu/project_skripsi/app/Controllers/Transaksi.php(163): TCPDF->writeHTML()
#3 /home/zangetsu/project_skripsi/vendor/codeigniter4/framework/system/CodeIgniter.php(936): App\Controllers\Transaksi->rekap()
#4 /home/zangetsu/project_skripsi/vendor/codeigniter4/framework/system/CodeIgniter.php(432): CodeIgniter\CodeIgniter->runController()
#5 /home/zangetsu/project_skripsi/vendor/codeigniter4/framework/system/CodeIgniter.php(333): CodeIgniter\CodeIgniter->handleRequest()
#6 /home/zangetsu/project_skripsi/public/index.php(44): CodeIgniter\CodeIgniter->run()
#7 /home/zangetsu/project_skripsi/vendor/codeigniter4/framework/system/Commands/Server/rewrite.php(45): require_once('/home/zangetsu/...')
#8 {main}
CRITICAL - 2021-03-30 15:22:42 --> Undefined index: style
#0 /home/zangetsu/project_skripsi/vendor/tecnickcom/tcpdf/tcpdf.php(18924): CodeIgniter\Debug\Exceptions->errorHandler()
#1 /home/zangetsu/project_skripsi/vendor/tecnickcom/tcpdf/tcpdf.php(18398): TCPDF->openHTMLTagHandler()
#2 /home/zangetsu/project_skripsi/app/Controllers/Transaksi.php(163): TCPDF->writeHTML()
#3 /home/zangetsu/project_skripsi/vendor/codeigniter4/framework/system/CodeIgniter.php(936): App\Controllers\Transaksi->rekap()
#4 /home/zangetsu/project_skripsi/vendor/codeigniter4/framework/system/CodeIgniter.php(432): CodeIgniter\CodeIgniter->runController()
#5 /home/zangetsu/project_skripsi/vendor/codeigniter4/framework/system/CodeIgniter.php(333): CodeIgniter\CodeIgniter->handleRequest()
#6 /home/zangetsu/project_skripsi/public/index.php(44): CodeIgniter\CodeIgniter->run()
#7 /home/zangetsu/project_skripsi/vendor/codeigniter4/framework/system/Commands/Server/rewrite.php(45): require_once('/home/zangetsu/...')
#8 {main}
CRITICAL - 2021-03-30 15:23:09 --> Class 'TCPDF' not found
#0 /home/zangetsu/project_skripsi/vendor/codeigniter4/framework/system/CodeIgniter.php(936): App\Controllers\Transaksi->rekap()
#1 /home/zangetsu/project_skripsi/vendor/codeigniter4/framework/system/CodeIgniter.php(432): CodeIgniter\CodeIgniter->runController()
#2 /home/zangetsu/project_skripsi/vendor/codeigniter4/framework/system/CodeIgniter.php(333): CodeIgniter\CodeIgniter->handleRequest()
#3 /home/zangetsu/project_skripsi/public/index.php(44): CodeIgniter\CodeIgniter->run()
#4 /home/zangetsu/project_skripsi/vendor/codeigniter4/framework/system/Commands/Server/rewrite.php(45): require_once('/home/zangetsu/...')
#5 {main}
CRITICAL - 2021-03-30 15:23:24 --> Undefined index: style
#0 /home/zangetsu/project_skripsi/vendor/tecnickcom/tcpdf/tcpdf.php(18924): CodeIgniter\Debug\Exceptions->errorHandler()
#1 /home/zangetsu/project_skripsi/vendor/tecnickcom/tcpdf/tcpdf.php(18398): TCPDF->openHTMLTagHandler()
#2 /home/zangetsu/project_skripsi/app/Controllers/Transaksi.php(163): TCPDF->writeHTML()
#3 /home/zangetsu/project_skripsi/vendor/codeigniter4/framework/system/CodeIgniter.php(936): App\Controllers\Transaksi->rekap()
#4 /home/zangetsu/project_skripsi/vendor/codeigniter4/framework/system/CodeIgniter.php(432): CodeIgniter\CodeIgniter->runController()
#5 /home/zangetsu/project_skripsi/vendor/codeigniter4/framework/system/CodeIgniter.php(333): CodeIgniter\CodeIgniter->handleRequest()
#6 /home/zangetsu/project_skripsi/public/index.php(44): CodeIgniter\CodeIgniter->run()
#7 /home/zangetsu/project_skripsi/vendor/codeigniter4/framework/system/Commands/Server/rewrite.php(45): require_once('/home/zangetsu/...')
#8 {main}
CRITICAL - 2021-03-30 15:23:39 --> Undefined index: style
#0 /home/zangetsu/project_skripsi/vendor/tecnickcom/tcpdf/tcpdf.php(18924): CodeIgniter\Debug\Exceptions->errorHandler()
#1 /home/zangetsu/project_skripsi/vendor/tecnickcom/tcpdf/tcpdf.php(18398): TCPDF->openHTMLTagHandler()
#2 /home/zangetsu/project_skripsi/app/Controllers/Transaksi.php(163): TCPDF->writeHTML()
#3 /home/zangetsu/project_skripsi/vendor/codeigniter4/framework/system/CodeIgniter.php(936): App\Controllers\Transaksi->rekap()
#4 /home/zangetsu/project_skripsi/vendor/codeigniter4/framework/system/CodeIgniter.php(432): CodeIgniter\CodeIgniter->runController()
#5 /home/zangetsu/project_skripsi/vendor/codeigniter4/framework/system/CodeIgniter.php(333): CodeIgniter\CodeIgniter->handleRequest()
#6 /home/zangetsu/project_skripsi/public/index.php(44): CodeIgniter\CodeIgniter->run()
#7 /home/zangetsu/project_skripsi/vendor/codeigniter4/framework/system/Commands/Server/rewrite.php(45): require_once('/home/zangetsu/...')
#8 {main}
CRITICAL - 2021-03-30 15:24:28 --> Undefined index: style
#0 /home/zangetsu/project_skripsi/vendor/tecnickcom/tcpdf/tcpdf.php(18924): CodeIgniter\Debug\Exceptions->errorHandler()
#1 /home/zangetsu/project_skripsi/vendor/tecnickcom/tcpdf/tcpdf.php(18398): TCPDF->openHTMLTagHandler()
#2 /home/zangetsu/project_skripsi/app/Controllers/Transaksi.php(163): TCPDF->writeHTML()
#3 /home/zangetsu/project_skripsi/vendor/codeigniter4/framework/system/CodeIgniter.php(936): App\Controllers\Transaksi->rekap()
#4 /home/zangetsu/project_skripsi/vendor/codeigniter4/framework/system/CodeIgniter.php(432): CodeIgniter\CodeIgniter->runController()
#5 /home/zangetsu/project_skripsi/vendor/codeigniter4/framework/system/CodeIgniter.php(333): CodeIgniter\CodeIgniter->handleRequest()
#6 /home/zangetsu/project_skripsi/public/index.php(44): CodeIgniter\CodeIgniter->run()
#7 /home/zangetsu/project_skripsi/vendor/codeigniter4/framework/system/Commands/Server/rewrite.php(45): require_once('/home/zangetsu/...')
#8 {main}
CRITICAL - 2021-03-30 15:25:32 --> Undefined index: style
#0 /home/zangetsu/project_skripsi/vendor/tecnickcom/tcpdf/tcpdf.php(18924): CodeIgniter\Debug\Exceptions->errorHandler()
#1 /home/zangetsu/project_skripsi/vendor/tecnickcom/tcpdf/tcpdf.php(18398): TCPDF->openHTMLTagHandler()
#2 /home/zangetsu/project_skripsi/app/Controllers/Transaksi.php(163): TCPDF->writeHTML()
#3 /home/zangetsu/project_skripsi/vendor/codeigniter4/framework/system/CodeIgniter.php(936): App\Controllers\Transaksi->rekap()
#4 /home/zangetsu/project_skripsi/vendor/codeigniter4/framework/system/CodeIgniter.php(432): CodeIgniter\CodeIgniter->runController()
#5 /home/zangetsu/project_skripsi/vendor/codeigniter4/framework/system/CodeIgniter.php(333): CodeIgniter\CodeIgniter->handleRequest()
#6 /home/zangetsu/project_skripsi/public/index.php(44): CodeIgniter\CodeIgniter->run()
#7 /home/zangetsu/project_skripsi/vendor/codeigniter4/framework/system/Commands/Server/rewrite.php(45): require_once('/home/zangetsu/...')
#8 {main}
CRITICAL - 2021-03-30 15:27:21 --> Undefined index: style
#0 /home/zangetsu/project_skripsi/vendor/tecnickcom/tcpdf/tcpdf.php(18924): CodeIgniter\Debug\Exceptions->errorHandler()
#1 /home/zangetsu/project_skripsi/vendor/tecnickcom/tcpdf/tcpdf.php(18398): TCPDF->openHTMLTagHandler()
#2 /home/zangetsu/project_skripsi/app/Controllers/Transaksi.php(163): TCPDF->writeHTML()
#3 /home/zangetsu/project_skripsi/vendor/codeigniter4/framework/system/CodeIgniter.php(936): App\Controllers\Transaksi->rekap()
#4 /home/zangetsu/project_skripsi/vendor/codeigniter4/framework/system/CodeIgniter.php(432): CodeIgniter\CodeIgniter->runController()
#5 /home/zangetsu/project_skripsi/vendor/codeigniter4/framework/system/CodeIgniter.php(333): CodeIgniter\CodeIgniter->handleRequest()
#6 /home/zangetsu/project_skripsi/public/index.php(44): CodeIgniter\CodeIgniter->run()
#7 /home/zangetsu/project_skripsi/vendor/codeigniter4/framework/system/Commands/Server/rewrite.php(45): require_once('/home/zangetsu/...')
#8 {main}
CRITICAL - 2021-03-30 15:27:59 --> Undefined index: style
#0 /home/zangetsu/project_skripsi/vendor/tecnickcom/tcpdf/tcpdf.php(18924): CodeIgniter\Debug\Exceptions->errorHandler()
#1 /home/zangetsu/project_skripsi/vendor/tecnickcom/tcpdf/tcpdf.php(18398): TCPDF->openHTMLTagHandler()
#2 /home/zangetsu/project_skripsi/app/Controllers/Transaksi.php(162): TCPDF->writeHTML()
#3 /home/zangetsu/project_skripsi/vendor/codeigniter4/framework/system/CodeIgniter.php(936): App\Controllers\Transaksi->rekap()
#4 /home/zangetsu/project_skripsi/vendor/codeigniter4/framework/system/CodeIgniter.php(432): CodeIgniter\CodeIgniter->runController()
#5 /home/zangetsu/project_skripsi/vendor/codeigniter4/framework/system/CodeIgniter.php(333): CodeIgniter\CodeIgniter->handleRequest()
#6 /home/zangetsu/project_skripsi/public/index.php(44): CodeIgniter\CodeIgniter->run()
#7 /home/zangetsu/project_skripsi/vendor/codeigniter4/framework/system/Commands/Server/rewrite.php(45): require_once('/home/zangetsu/...')
#8 {main}
CRITICAL - 2021-03-30 15:28:12 --> Undefined index: style
#0 /home/zangetsu/project_skripsi/vendor/tecnickcom/tcpdf/tcpdf.php(18924): CodeIgniter\Debug\Exceptions->errorHandler()
#1 /home/zangetsu/project_skripsi/vendor/tecnickcom/tcpdf/tcpdf.php(18398): TCPDF->openHTMLTagHandler()
#2 /home/zangetsu/project_skripsi/app/Controllers/Transaksi.php(161): TCPDF->writeHTML()
#3 /home/zangetsu/project_skripsi/vendor/codeigniter4/framework/system/CodeIgniter.php(936): App\Controllers\Transaksi->rekap()
#4 /home/zangetsu/project_skripsi/vendor/codeigniter4/framework/system/CodeIgniter.php(432): CodeIgniter\CodeIgniter->runController()
#5 /home/zangetsu/project_skripsi/vendor/codeigniter4/framework/system/CodeIgniter.php(333): CodeIgniter\CodeIgniter->handleRequest()
#6 /home/zangetsu/project_skripsi/public/index.php(44): CodeIgniter\CodeIgniter->run()
#7 /home/zangetsu/project_skripsi/vendor/codeigniter4/framework/system/Commands/Server/rewrite.php(45): require_once('/home/zangetsu/...')
#8 {main}
CRITICAL - 2021-03-30 15:29:21 --> Undefined index: style
#0 /home/zangetsu/project_skripsi/vendor/tecnickcom/tcpdf/tcpdf.php(18924): CodeIgniter\Debug\Exceptions->errorHandler()
#1 /home/zangetsu/project_skripsi/vendor/tecnickcom/tcpdf/tcpdf.php(18398): TCPDF->openHTMLTagHandler()
#2 /home/zangetsu/project_skripsi/app/Controllers/Transaksi.php(161): TCPDF->writeHTML()
#3 /home/zangetsu/project_skripsi/vendor/codeigniter4/framework/system/CodeIgniter.php(936): App\Controllers\Transaksi->rekap()
#4 /home/zangetsu/project_skripsi/vendor/codeigniter4/framework/system/CodeIgniter.php(432): CodeIgniter\CodeIgniter->runController()
#5 /home/zangetsu/project_skripsi/vendor/codeigniter4/framework/system/CodeIgniter.php(333): CodeIgniter\CodeIgniter->handleRequest()
#6 /home/zangetsu/project_skripsi/public/index.php(44): CodeIgniter\CodeIgniter->run()
#7 /home/zangetsu/project_skripsi/vendor/codeigniter4/framework/system/Commands/Server/rewrite.php(45): require_once('/home/zangetsu/...')
#8 {main}
CRITICAL - 2021-03-30 15:29:32 --> Undefined index: style
#0 /home/zangetsu/project_skripsi/vendor/tecnickcom/tcpdf/tcpdf.php(18924): CodeIgniter\Debug\Exceptions->errorHandler()
#1 /home/zangetsu/project_skripsi/vendor/tecnickcom/tcpdf/tcpdf.php(18398): TCPDF->openHTMLTagHandler()
#2 /home/zangetsu/project_skripsi/app/Controllers/Transaksi.php(161): TCPDF->writeHTML()
#3 /home/zangetsu/project_skripsi/vendor/codeigniter4/framework/system/CodeIgniter.php(936): App\Controllers\Transaksi->rekap()
#4 /home/zangetsu/project_skripsi/vendor/codeigniter4/framework/system/CodeIgniter.php(432): CodeIgniter\CodeIgniter->runController()
#5 /home/zangetsu/project_skripsi/vendor/codeigniter4/framework/system/CodeIgniter.php(333): CodeIgniter\CodeIgniter->handleRequest()
#6 /home/zangetsu/project_skripsi/public/index.php(44): CodeIgniter\CodeIgniter->run()
#7 /home/zangetsu/project_skripsi/vendor/codeigniter4/framework/system/Commands/Server/rewrite.php(45): require_once('/home/zangetsu/...')
#8 {main}
CRITICAL - 2021-03-30 15:31:52 --> Undefined index: style
#0 /home/zangetsu/project_skripsi/vendor/tecnickcom/tcpdf/tcpdf.php(18924): CodeIgniter\Debug\Exceptions->errorHandler()
#1 /home/zangetsu/project_skripsi/vendor/tecnickcom/tcpdf/tcpdf.php(18398): TCPDF->openHTMLTagHandler()
#2 /home/zangetsu/project_skripsi/app/Controllers/Transaksi.php(161): TCPDF->writeHTML()
#3 /home/zangetsu/project_skripsi/vendor/codeigniter4/framework/system/CodeIgniter.php(936): App\Controllers\Transaksi->rekap()
#4 /home/zangetsu/project_skripsi/vendor/codeigniter4/framework/system/CodeIgniter.php(432): CodeIgniter\CodeIgniter->runController()
#5 /home/zangetsu/project_skripsi/vendor/codeigniter4/framework/system/CodeIgniter.php(333): CodeIgniter\CodeIgniter->handleRequest()
#6 /home/zangetsu/project_skripsi/public/index.php(44): CodeIgniter\CodeIgniter->run()
#7 /home/zangetsu/project_skripsi/vendor/codeigniter4/framework/system/Commands/Server/rewrite.php(45): require_once('/home/zangetsu/...')
#8 {main}
CRITICAL - 2021-03-30 15:32:46 --> Undefined index: style
#0 /home/zangetsu/project_skripsi/vendor/tecnickcom/tcpdf/tcpdf.php(18924): CodeIgniter\Debug\Exceptions->errorHandler()
#1 /home/zangetsu/project_skripsi/vendor/tecnickcom/tcpdf/tcpdf.php(18398): TCPDF->openHTMLTagHandler()
#2 /home/zangetsu/project_skripsi/app/Controllers/Transaksi.php(162): TCPDF->writeHTML()
#3 /home/zangetsu/project_skripsi/vendor/codeigniter4/framework/system/CodeIgniter.php(936): App\Controllers\Transaksi->rekap()
#4 /home/zangetsu/project_skripsi/vendor/codeigniter4/framework/system/CodeIgniter.php(432): CodeIgniter\CodeIgniter->runController()
#5 /home/zangetsu/project_skripsi/vendor/codeigniter4/framework/system/CodeIgniter.php(333): CodeIgniter\CodeIgniter->handleRequest()
#6 /home/zangetsu/project_skripsi/public/index.php(44): CodeIgniter\CodeIgniter->run()
#7 /home/zangetsu/project_skripsi/vendor/codeigniter4/framework/system/Commands/Server/rewrite.php(45): require_once('/home/zangetsu/...')
#8 {main}
CRITICAL - 2021-03-30 15:33:53 --> Undefined index: style
#0 /home/zangetsu/project_skripsi/vendor/tecnickcom/tcpdf/tcpdf.php(18924): CodeIgniter\Debug\Exceptions->errorHandler()
#1 /home/zangetsu/project_skripsi/vendor/tecnickcom/tcpdf/tcpdf.php(18398): TCPDF->openHTMLTagHandler()
#2 /home/zangetsu/project_skripsi/app/Controllers/Transaksi.php(162): TCPDF->writeHTML()
#3 /home/zangetsu/project_skripsi/vendor/codeigniter4/framework/system/CodeIgniter.php(936): App\Controllers\Transaksi->rekap()
#4 /home/zangetsu/project_skripsi/vendor/codeigniter4/framework/system/CodeIgniter.php(432): CodeIgniter\CodeIgniter->runController()
#5 /home/zangetsu/project_skripsi/vendor/codeigniter4/framework/system/CodeIgniter.php(333): CodeIgniter\CodeIgniter->handleRequest()
#6 /home/zangetsu/project_skripsi/public/index.php(44): CodeIgniter\CodeIgniter->run()
#7 /home/zangetsu/project_skripsi/vendor/codeigniter4/framework/system/Commands/Server/rewrite.php(45): require_once('/home/zangetsu/...')
#8 {main}
CRITICAL - 2021-03-30 15:34:18 --> Undefined variable: dari
#0 /home/zangetsu/project_skripsi/app/Views/transaksi/rekap.php(32): CodeIgniter\Debug\Exceptions->errorHandler()
#1 /home/zangetsu/project_skripsi/vendor/codeigniter4/framework/system/View/View.php(220): include('/home/zangetsu/...')
#2 /home/zangetsu/project_skripsi/vendor/codeigniter4/framework/system/View/View.php(222): CodeIgniter\View\View->CodeIgniter\View\{closure}()
#3 /home/zangetsu/project_skripsi/vendor/codeigniter4/framework/system/Common.php(1217): CodeIgniter\View\View->render()
#4 /home/zangetsu/project_skripsi/app/Controllers/Transaksi.php(154): view()
#5 /home/zangetsu/project_skripsi/vendor/codeigniter4/framework/system/CodeIgniter.php(936): App\Controllers\Transaksi->rekap()
#6 /home/zangetsu/project_skripsi/vendor/codeigniter4/framework/system/CodeIgniter.php(432): CodeIgniter\CodeIgniter->runController()
#7 /home/zangetsu/project_skripsi/vendor/codeigniter4/framework/system/CodeIgniter.php(333): CodeIgniter\CodeIgniter->handleRequest()
#8 /home/zangetsu/project_skripsi/public/index.php(44): CodeIgniter\CodeIgniter->run()
#9 /home/zangetsu/project_skripsi/vendor/codeigniter4/framework/system/Commands/Server/rewrite.php(45): require_once('/home/zangetsu/...')
#10 {main}
CRITICAL - 2021-03-30 15:34:53 --> Undefined index: style
#0 /home/zangetsu/project_skripsi/vendor/tecnickcom/tcpdf/tcpdf.php(18924): CodeIgniter\Debug\Exceptions->errorHandler()
#1 /home/zangetsu/project_skripsi/vendor/tecnickcom/tcpdf/tcpdf.php(18398): TCPDF->openHTMLTagHandler()
#2 /home/zangetsu/project_skripsi/app/Controllers/Transaksi.php(167): TCPDF->writeHTML()
#3 /home/zangetsu/project_skripsi/vendor/codeigniter4/framework/system/CodeIgniter.php(936): App\Controllers\Transaksi->rekap()
#4 /home/zangetsu/project_skripsi/vendor/codeigniter4/framework/system/CodeIgniter.php(432): CodeIgniter\CodeIgniter->runController()
#5 /home/zangetsu/project_skripsi/vendor/codeigniter4/framework/system/CodeIgniter.php(333): CodeIgniter\CodeIgniter->handleRequest()
#6 /home/zangetsu/project_skripsi/public/index.php(44): CodeIgniter\CodeIgniter->run()
#7 /home/zangetsu/project_skripsi/vendor/codeigniter4/framework/system/Commands/Server/rewrite.php(45): require_once('/home/zangetsu/...')
#8 {main}
CRITICAL - 2021-03-30 15:35:11 --> Undefined index: style
#0 /home/zangetsu/project_skripsi/vendor/tecnickcom/tcpdf/tcpdf.php(18924): CodeIgniter\Debug\Exceptions->errorHandler()
#1 /home/zangetsu/project_skripsi/vendor/tecnickcom/tcpdf/tcpdf.php(18398): TCPDF->openHTMLTagHandler()
#2 /home/zangetsu/project_skripsi/app/Controllers/Transaksi.php(167): TCPDF->writeHTML()
#3 /home/zangetsu/project_skripsi/vendor/codeigniter4/framework/system/CodeIgniter.php(936): App\Controllers\Transaksi->rekap()
#4 /home/zangetsu/project_skripsi/vendor/codeigniter4/framework/system/CodeIgniter.php(432): CodeIgniter\CodeIgniter->runController()
#5 /home/zangetsu/project_skripsi/vendor/codeigniter4/framework/system/CodeIgniter.php(333): CodeIgniter\CodeIgniter->handleRequest()
#6 /home/zangetsu/project_skripsi/public/index.php(44): CodeIgniter\CodeIgniter->run()
#7 /home/zangetsu/project_skripsi/vendor/codeigniter4/framework/system/Commands/Server/rewrite.php(45): require_once('/home/zangetsu/...')
#8 {main}
CRITICAL - 2021-03-30 15:35:29 --> Undefined index: style
#0 /home/zangetsu/project_skripsi/vendor/tecnickcom/tcpdf/tcpdf.php(18924): CodeIgniter\Debug\Exceptions->errorHandler()
#1 /home/zangetsu/project_skripsi/vendor/tecnickcom/tcpdf/tcpdf.php(18398): TCPDF->openHTMLTagHandler()
#2 /home/zangetsu/project_skripsi/app/Controllers/Transaksi.php(167): TCPDF->writeHTML()
#3 /home/zangetsu/project_skripsi/vendor/codeigniter4/framework/system/CodeIgniter.php(936): App\Controllers\Transaksi->rekap()
#4 /home/zangetsu/project_skripsi/vendor/codeigniter4/framework/system/CodeIgniter.php(432): CodeIgniter\CodeIgniter->runController()
#5 /home/zangetsu/project_skripsi/vendor/codeigniter4/framework/system/CodeIgniter.php(333): CodeIgniter\CodeIgniter->handleRequest()
#6 /home/zangetsu/project_skripsi/public/index.php(44): CodeIgniter\CodeIgniter->run()
#7 /home/zangetsu/project_skripsi/vendor/codeigniter4/framework/system/Commands/Server/rewrite.php(45): require_once('/home/zangetsu/...')
#8 {main}
CRITICAL - 2021-03-30 15:35:31 --> Undefined index: style
#0 /home/zangetsu/project_skripsi/vendor/tecnickcom/tcpdf/tcpdf.php(18924): CodeIgniter\Debug\Exceptions->errorHandler()
#1 /home/zangetsu/project_skripsi/vendor/tecnickcom/tcpdf/tcpdf.php(18398): TCPDF->openHTMLTagHandler()
#2 /home/zangetsu/project_skripsi/app/Controllers/Transaksi.php(167): TCPDF->writeHTML()
#3 /home/zangetsu/project_skripsi/vendor/codeigniter4/framework/system/CodeIgniter.php(936): App\Controllers\Transaksi->rekap()
#4 /home/zangetsu/project_skripsi/vendor/codeigniter4/framework/system/CodeIgniter.php(432): CodeIgniter\CodeIgniter->runController()
#5 /home/zangetsu/project_skripsi/vendor/codeigniter4/framework/system/CodeIgniter.php(333): CodeIgniter\CodeIgniter->handleRequest()
#6 /home/zangetsu/project_skripsi/public/index.php(44): CodeIgniter\CodeIgniter->run()
#7 /home/zangetsu/project_skripsi/vendor/codeigniter4/framework/system/Commands/Server/rewrite.php(45): require_once('/home/zangetsu/...')
#8 {main}
CRITICAL - 2021-03-30 15:35:32 --> Undefined index: style
#0 /home/zangetsu/project_skripsi/vendor/tecnickcom/tcpdf/tcpdf.php(18924): CodeIgniter\Debug\Exceptions->errorHandler()
#1 /home/zangetsu/project_skripsi/vendor/tecnickcom/tcpdf/tcpdf.php(18398): TCPDF->openHTMLTagHandler()
#2 /home/zangetsu/project_skripsi/app/Controllers/Transaksi.php(167): TCPDF->writeHTML()
#3 /home/zangetsu/project_skripsi/vendor/codeigniter4/framework/system/CodeIgniter.php(936): App\Controllers\Transaksi->rekap()
#4 /home/zangetsu/project_skripsi/vendor/codeigniter4/framework/system/CodeIgniter.php(432): CodeIgniter\CodeIgniter->runController()
#5 /home/zangetsu/project_skripsi/vendor/codeigniter4/framework/system/CodeIgniter.php(333): CodeIgniter\CodeIgniter->handleRequest()
#6 /home/zangetsu/project_skripsi/public/index.php(44): CodeIgniter\CodeIgniter->run()
#7 /home/zangetsu/project_skripsi/vendor/codeigniter4/framework/system/Commands/Server/rewrite.php(45): require_once('/home/zangetsu/...')
#8 {main}
ERROR - 2021-03-30 15:35:40 --> mysqli_sql_exception: You have an error in your SQL syntax; check the manual that corresponds to your MySQL server version for the right syntax to use near 'IS NULL' at line 5 in /home/zangetsu/project_skripsi/vendor/codeigniter4/framework/system/Database/MySQLi/Connection.php:314
Stack trace:
#0 /home/zangetsu/project_skripsi/vendor/codeigniter4/framework/system/Database/MySQLi/Connection.php(314): mysqli->query()
#1 /home/zangetsu/project_skripsi/vendor/codeigniter4/framework/system/Database/BaseConnection.php(713): CodeIgniter\Database\MySQLi\Connection->execute()
#2 /home/zangetsu/project_skripsi/vendor/codeigniter4/framework/system/Database/BaseConnection.php(641): CodeIgniter\Database\BaseConnection->simpleQuery()
#3 /home/zangetsu/project_skripsi/vendor/codeigniter4/framework/system/Database/BaseBuilder.php(1866): CodeIgniter\Database\BaseConnection->query()
#4 /home/zangetsu/project_skripsi/app/Models/TransaksiModel.php(70): CodeIgniter\Database\BaseBuilder->get()
#5 /home/zangetsu/project_skripsi/app/Controllers/Transaksi.php(150): App\Models\TransaksiModel->rekapTransaksi()
#6 /home/zangetsu/project_skripsi/vendor/codeigniter4/framework/system/CodeIgniter.php(936): App\Controllers\Transaksi->rekap()
#7 /home/zangetsu/project_skripsi/vendor/codeigniter4/framework/system/CodeIgniter.php(432): CodeIgniter\CodeIgniter->runController()
#8 /home/zangetsu/project_skripsi/vendor/codeigniter4/framework/system/CodeIgniter.php(333): CodeIgniter\CodeIgniter->handleRequest()
#9 /home/zangetsu/project_skripsi/public/index.php(44): CodeIgniter\CodeIgniter->run()
#10 /home/zangetsu/project_skripsi/vendor/codeigniter4/framework/system/Commands/Server/rewrite.php(45): require_once('/home/zangetsu/...')
#11 {main}
CRITICAL - 2021-03-30 15:35:40 --> You have an error in your SQL syntax; check the manual that corresponds to your MySQL server version for the right syntax to use near 'IS NULL' at line 5
#0 /home/zangetsu/project_skripsi/vendor/codeigniter4/framework/system/Database/MySQLi/Connection.php(314): mysqli->query()
#1 /home/zangetsu/project_skripsi/vendor/codeigniter4/framework/system/Database/BaseConnection.php(713): CodeIgniter\Database\MySQLi\Connection->execute()
#2 /home/zangetsu/project_skripsi/vendor/codeigniter4/framework/system/Database/BaseConnection.php(641): CodeIgniter\Database\BaseConnection->simpleQuery()
#3 /home/zangetsu/project_skripsi/vendor/codeigniter4/framework/system/Database/BaseBuilder.php(1866): CodeIgniter\Database\BaseConnection->query()
#4 /home/zangetsu/project_skripsi/app/Models/TransaksiModel.php(70): CodeIgniter\Database\BaseBuilder->get()
#5 /home/zangetsu/project_skripsi/app/Controllers/Transaksi.php(150): App\Models\TransaksiModel->rekapTransaksi()
#6 /home/zangetsu/project_skripsi/vendor/codeigniter4/framework/system/CodeIgniter.php(936): App\Controllers\Transaksi->rekap()
#7 /home/zangetsu/project_skripsi/vendor/codeigniter4/framework/system/CodeIgniter.php(432): CodeIgniter\CodeIgniter->runController()
#8 /home/zangetsu/project_skripsi/vendor/codeigniter4/framework/system/CodeIgniter.php(333): CodeIgniter\CodeIgniter->handleRequest()
#9 /home/zangetsu/project_skripsi/public/index.php(44): CodeIgniter\CodeIgniter->run()
#10 /home/zangetsu/project_skripsi/vendor/codeigniter4/framework/system/Commands/Server/rewrite.php(45): require_once('/home/zangetsu/...')
#11 {main}
CRITICAL - 2021-03-30 15:35:55 --> Undefined index: style
#0 /home/zangetsu/project_skripsi/vendor/tecnickcom/tcpdf/tcpdf.php(18924): CodeIgniter\Debug\Exceptions->errorHandler()
#1 /home/zangetsu/project_skripsi/vendor/tecnickcom/tcpdf/tcpdf.php(18398): TCPDF->openHTMLTagHandler()
#2 /home/zangetsu/project_skripsi/app/Controllers/Transaksi.php(167): TCPDF->writeHTML()
#3 /home/zangetsu/project_skripsi/vendor/codeigniter4/framework/system/CodeIgniter.php(936): App\Controllers\Transaksi->rekap()
#4 /home/zangetsu/project_skripsi/vendor/codeigniter4/framework/system/CodeIgniter.php(432): CodeIgniter\CodeIgniter->runController()
#5 /home/zangetsu/project_skripsi/vendor/codeigniter4/framework/system/CodeIgniter.php(333): CodeIgniter\CodeIgniter->handleRequest()
#6 /home/zangetsu/project_skripsi/public/index.php(44): CodeIgniter\CodeIgniter->run()
#7 /home/zangetsu/project_skripsi/vendor/codeigniter4/framework/system/Commands/Server/rewrite.php(45): require_once('/home/zangetsu/...')
#8 {main}
CRITICAL - 2021-03-30 15:37:00 --> Undefined index: style
#0 /home/zangetsu/project_skripsi/vendor/tecnickcom/tcpdf/tcpdf.php(18924): CodeIgniter\Debug\Exceptions->errorHandler()
#1 /home/zangetsu/project_skripsi/vendor/tecnickcom/tcpdf/tcpdf.php(18398): TCPDF->openHTMLTagHandler()
#2 /home/zangetsu/project_skripsi/app/Controllers/Transaksi.php(167): TCPDF->writeHTML()
#3 /home/zangetsu/project_skripsi/vendor/codeigniter4/framework/system/CodeIgniter.php(936): App\Controllers\Transaksi->rekap()
#4 /home/zangetsu/project_skripsi/vendor/codeigniter4/framework/system/CodeIgniter.php(432): CodeIgniter\CodeIgniter->runController()
#5 /home/zangetsu/project_skripsi/vendor/codeigniter4/framework/system/CodeIgniter.php(333): CodeIgniter\CodeIgniter->handleRequest()
#6 /home/zangetsu/project_skripsi/public/index.php(44): CodeIgniter\CodeIgniter->run()
#7 /home/zangetsu/project_skripsi/vendor/codeigniter4/framework/system/Commands/Server/rewrite.php(45): require_once('/home/zangetsu/...')
#8 {main}
CRITICAL - 2021-03-30 15:39:02 --> Undefined index: style
#0 /home/zangetsu/project_skripsi/vendor/tecnickcom/tcpdf/tcpdf.php(18924): CodeIgniter\Debug\Exceptions->errorHandler()
#1 /home/zangetsu/project_skripsi/vendor/tecnickcom/tcpdf/tcpdf.php(18398): TCPDF->openHTMLTagHandler()
#2 /home/zangetsu/project_skripsi/app/Controllers/Transaksi.php(167): TCPDF->writeHTML()
#3 /home/zangetsu/project_skripsi/vendor/codeigniter4/framework/system/CodeIgniter.php(936): App\Controllers\Transaksi->rekap()
#4 /home/zangetsu/project_skripsi/vendor/codeigniter4/framework/system/CodeIgniter.php(432): CodeIgniter\CodeIgniter->runController()
#5 /home/zangetsu/project_skripsi/vendor/codeigniter4/framework/system/CodeIgniter.php(333): CodeIgniter\CodeIgniter->handleRequest()
#6 /home/zangetsu/project_skripsi/public/index.php(44): CodeIgniter\CodeIgniter->run()
#7 /home/zangetsu/project_skripsi/vendor/codeigniter4/framework/system/Commands/Server/rewrite.php(45): require_once('/home/zangetsu/...')
#8 {main}
CRITICAL - 2021-03-30 15:39:06 --> Undefined index: style
#0 /home/zangetsu/project_skripsi/vendor/tecnickcom/tcpdf/tcpdf.php(18924): CodeIgniter\Debug\Exceptions->errorHandler()
#1 /home/zangetsu/project_skripsi/vendor/tecnickcom/tcpdf/tcpdf.php(18398): TCPDF->openHTMLTagHandler()
#2 /home/zangetsu/project_skripsi/app/Controllers/Transaksi.php(167): TCPDF->writeHTML()
#3 /home/zangetsu/project_skripsi/vendor/codeigniter4/framework/system/CodeIgniter.php(936): App\Controllers\Transaksi->rekap()
#4 /home/zangetsu/project_skripsi/vendor/codeigniter4/framework/system/CodeIgniter.php(432): CodeIgniter\CodeIgniter->runController()
#5 /home/zangetsu/project_skripsi/vendor/codeigniter4/framework/system/CodeIgniter.php(333): CodeIgniter\CodeIgniter->handleRequest()
#6 /home/zangetsu/project_skripsi/public/index.php(44): CodeIgniter\CodeIgniter->run()
#7 /home/zangetsu/project_skripsi/vendor/codeigniter4/framework/system/Commands/Server/rewrite.php(45): require_once('/home/zangetsu/...')
#8 {main}
CRITICAL - 2021-03-30 15:39:19 --> Undefined index: style
#0 /home/zangetsu/project_skripsi/vendor/tecnickcom/tcpdf/tcpdf.php(19276): CodeIgniter\Debug\Exceptions->errorHandler()
#1 /home/zangetsu/project_skripsi/vendor/tecnickcom/tcpdf/tcpdf.php(18748): TCPDF->openHTMLTagHandler()
#2 /home/zangetsu/project_skripsi/app/Controllers/Transaksi.php(167): TCPDF->writeHTML()
#3 /home/zangetsu/project_skripsi/vendor/codeigniter4/framework/system/CodeIgniter.php(936): App\Controllers\Transaksi->rekap()
#4 /home/zangetsu/project_skripsi/vendor/codeigniter4/framework/system/CodeIgniter.php(432): CodeIgniter\CodeIgniter->runController()
#5 /home/zangetsu/project_skripsi/vendor/codeigniter4/framework/system/CodeIgniter.php(333): CodeIgniter\CodeIgniter->handleRequest()
#6 /home/zangetsu/project_skripsi/public/index.php(44): CodeIgniter\CodeIgniter->run()
#7 /home/zangetsu/project_skripsi/vendor/codeigniter4/framework/system/Commands/Server/rewrite.php(45): require_once('/home/zangetsu/...')
#8 {main}
CRITICAL - 2021-03-30 15:39:48 --> Undefined variable: lineStyle
#0 /home/zangetsu/project_skripsi/vendor/tecnickcom/tcpdf/tcpdf.php(19281): CodeIgniter\Debug\Exceptions->errorHandler()
#1 /home/zangetsu/project_skripsi/vendor/tecnickcom/tcpdf/tcpdf.php(18748): TCPDF->openHTMLTagHandler()
#2 /home/zangetsu/project_skripsi/app/Controllers/Transaksi.php(167): TCPDF->writeHTML()
#3 /home/zangetsu/project_skripsi/vendor/codeigniter4/framework/system/CodeIgniter.php(936): App\Controllers\Transaksi->rekap()
#4 /home/zangetsu/project_skripsi/vendor/codeigniter4/framework/system/CodeIgniter.php(432): CodeIgniter\CodeIgniter->runController()
#5 /home/zangetsu/project_skripsi/vendor/codeigniter4/framework/system/CodeIgniter.php(333): CodeIgniter\CodeIgniter->handleRequest()
#6 /home/zangetsu/project_skripsi/public/index.php(44): CodeIgniter\CodeIgniter->run()
#7 /home/zangetsu/project_skripsi/vendor/codeigniter4/framework/system/Commands/Server/rewrite.php(45): require_once('/home/zangetsu/...')
#8 {main}
CRITICAL - 2021-03-30 15:40:23 --> Undefined index: style
#0 /home/zangetsu/project_skripsi/vendor/tecnickcom/tcpdf/tcpdf.php(19275): CodeIgniter\Debug\Exceptions->errorHandler()
#1 /home/zangetsu/project_skripsi/vendor/tecnickcom/tcpdf/tcpdf.php(18748): TCPDF->openHTMLTagHandler()
#2 /home/zangetsu/project_skripsi/app/Controllers/Transaksi.php(167): TCPDF->writeHTML()
#3 /home/zangetsu/project_skripsi/vendor/codeigniter4/framework/system/CodeIgniter.php(936): App\Controllers\Transaksi->rekap()
#4 /home/zangetsu/project_skripsi/vendor/codeigniter4/framework/system/CodeIgniter.php(432): CodeIgniter\CodeIgniter->runController()
#5 /home/zangetsu/project_skripsi/vendor/codeigniter4/framework/system/CodeIgniter.php(333): CodeIgniter\CodeIgniter->handleRequest()
#6 /home/zangetsu/project_skripsi/public/index.php(44): CodeIgniter\CodeIgniter->run()
#7 /home/zangetsu/project_skripsi/vendor/codeigniter4/framework/system/Commands/Server/rewrite.php(45): require_once('/home/zangetsu/...')
#8 {main}
CRITICAL - 2021-03-30 15:42:05 --> Undefined index: style
#0 /home/zangetsu/project_skripsi/vendor/tecnickcom/tcpdf/tcpdf.php(19275): CodeIgniter\Debug\Exceptions->errorHandler()
#1 /home/zangetsu/project_skripsi/vendor/tecnickcom/tcpdf/tcpdf.php(18748): TCPDF->openHTMLTagHandler()
#2 /home/zangetsu/project_skripsi/app/Controllers/Transaksi.php(167): TCPDF->writeHTML()
#3 /home/zangetsu/project_skripsi/vendor/codeigniter4/framework/system/CodeIgniter.php(936): App\Controllers\Transaksi->rekap()
#4 /home/zangetsu/project_skripsi/vendor/codeigniter4/framework/system/CodeIgniter.php(432): CodeIgniter\CodeIgniter->runController()
#5 /home/zangetsu/project_skripsi/vendor/codeigniter4/framework/system/CodeIgniter.php(333): CodeIgniter\CodeIgniter->handleRequest()
#6 /home/zangetsu/project_skripsi/public/index.php(44): CodeIgniter\CodeIgniter->run()
#7 /home/zangetsu/project_skripsi/vendor/codeigniter4/framework/system/Commands/Server/rewrite.php(45): require_once('/home/zangetsu/...')
#8 {main}
CRITICAL - 2021-03-30 15:42:18 --> Undefined index: cols
#0 /home/zangetsu/project_skripsi/vendor/tecnickcom/tcpdf/tcpdf.php(17388): CodeIgniter\Debug\Exceptions->errorHandler()
#1 /home/zangetsu/project_skripsi/vendor/tecnickcom/tcpdf/tcpdf.php(17665): TCPDF->getHtmlDomArray()
#2 /home/zangetsu/project_skripsi/app/Controllers/Transaksi.php(167): TCPDF->writeHTML()
#3 /home/zangetsu/project_skripsi/vendor/codeigniter4/framework/system/CodeIgniter.php(936): App\Controllers\Transaksi->rekap()
#4 /home/zangetsu/project_skripsi/vendor/codeigniter4/framework/system/CodeIgniter.php(432): CodeIgniter\CodeIgniter->runController()
#5 /home/zangetsu/project_skripsi/vendor/codeigniter4/framework/system/CodeIgniter.php(333): CodeIgniter\CodeIgniter->handleRequest()
#6 /home/zangetsu/project_skripsi/public/index.php(44): CodeIgniter\CodeIgniter->run()
#7 /home/zangetsu/project_skripsi/vendor/codeigniter4/framework/system/Commands/Server/rewrite.php(45): require_once('/home/zangetsu/...')
#8 {main}
CRITICAL - 2021-03-30 15:44:01 --> Undefined index: style
#0 /home/zangetsu/project_skripsi/vendor/tecnickcom/tcpdf/tcpdf.php(19275): CodeIgniter\Debug\Exceptions->errorHandler()
#1 /home/zangetsu/project_skripsi/vendor/tecnickcom/tcpdf/tcpdf.php(18748): TCPDF->openHTMLTagHandler()
#2 /home/zangetsu/project_skripsi/app/Controllers/Transaksi.php(167): TCPDF->writeHTML()
#3 /home/zangetsu/project_skripsi/vendor/codeigniter4/framework/system/CodeIgniter.php(936): App\Controllers\Transaksi->rekap()
#4 /home/zangetsu/project_skripsi/vendor/codeigniter4/framework/system/CodeIgniter.php(432): CodeIgniter\CodeIgniter->runController()
#5 /home/zangetsu/project_skripsi/vendor/codeigniter4/framework/system/CodeIgniter.php(333): CodeIgniter\CodeIgniter->handleRequest()
#6 /home/zangetsu/project_skripsi/public/index.php(44): CodeIgniter\CodeIgniter->run()
#7 /home/zangetsu/project_skripsi/vendor/codeigniter4/framework/system/Commands/Server/rewrite.php(45): require_once('/home/zangetsu/...')
#8 {main}
CRITICAL - 2021-03-30 15:44:14 --> Undefined index: style
#0 /home/zangetsu/project_skripsi/vendor/tecnickcom/tcpdf/tcpdf.php(19275): CodeIgniter\Debug\Exceptions->errorHandler()
#1 /home/zangetsu/project_skripsi/vendor/tecnickcom/tcpdf/tcpdf.php(18748): TCPDF->openHTMLTagHandler()
#2 /home/zangetsu/project_skripsi/app/Controllers/Transaksi.php(167): TCPDF->writeHTML()
#3 /home/zangetsu/project_skripsi/vendor/codeigniter4/framework/system/CodeIgniter.php(936): App\Controllers\Transaksi->rekap()
#4 /home/zangetsu/project_skripsi/vendor/codeigniter4/framework/system/CodeIgniter.php(432): CodeIgniter\CodeIgniter->runController()
#5 /home/zangetsu/project_skripsi/vendor/codeigniter4/framework/system/CodeIgniter.php(333): CodeIgniter\CodeIgniter->handleRequest()
#6 /home/zangetsu/project_skripsi/public/index.php(44): CodeIgniter\CodeIgniter->run()
#7 /home/zangetsu/project_skripsi/vendor/codeigniter4/framework/system/Commands/Server/rewrite.php(45): require_once('/home/zangetsu/...')
#8 {main}
CRITICAL - 2021-03-30 15:44:28 --> Undefined index: style
#0 /home/zangetsu/project_skripsi/vendor/tecnickcom/tcpdf/tcpdf.php(19275): CodeIgniter\Debug\Exceptions->errorHandler()
#1 /home/zangetsu/project_skripsi/vendor/tecnickcom/tcpdf/tcpdf.php(18748): TCPDF->openHTMLTagHandler()
#2 /home/zangetsu/project_skripsi/app/Controllers/Transaksi.php(167): TCPDF->writeHTML()
#3 /home/zangetsu/project_skripsi/vendor/codeigniter4/framework/system/CodeIgniter.php(936): App\Controllers\Transaksi->rekap()
#4 /home/zangetsu/project_skripsi/vendor/codeigniter4/framework/system/CodeIgniter.php(432): CodeIgniter\CodeIgniter->runController()
#5 /home/zangetsu/project_skripsi/vendor/codeigniter4/framework/system/CodeIgniter.php(333): CodeIgniter\CodeIgniter->handleRequest()
#6 /home/zangetsu/project_skripsi/public/index.php(44): CodeIgniter\CodeIgniter->run()
#7 /home/zangetsu/project_skripsi/vendor/codeigniter4/framework/system/Commands/Server/rewrite.php(45): require_once('/home/zangetsu/...')
#8 {main}
ERROR - 2021-03-30 15:44:32 --> mysqli_sql_exception: You have an error in your SQL syntax; check the manual that corresponds to your MySQL server version for the right syntax to use near 'IS NULL' at line 5 in /home/zangetsu/project_skripsi/vendor/codeigniter4/framework/system/Database/MySQLi/Connection.php:314
Stack trace:
#0 /home/zangetsu/project_skripsi/vendor/codeigniter4/framework/system/Database/MySQLi/Connection.php(314): mysqli->query()
#1 /home/zangetsu/project_skripsi/vendor/codeigniter4/framework/system/Database/BaseConnection.php(713): CodeIgniter\Database\MySQLi\Connection->execute()
#2 /home/zangetsu/project_skripsi/vendor/codeigniter4/framework/system/Database/BaseConnection.php(641): CodeIgniter\Database\BaseConnection->simpleQuery()
#3 /home/zangetsu/project_skripsi/vendor/codeigniter4/framework/system/Database/BaseBuilder.php(1866): CodeIgniter\Database\BaseConnection->query()
#4 /home/zangetsu/project_skripsi/app/Models/TransaksiModel.php(70): CodeIgniter\Database\BaseBuilder->get()
#5 /home/zangetsu/project_skripsi/app/Controllers/Transaksi.php(150): App\Models\TransaksiModel->rekapTransaksi()
#6 /home/zangetsu/project_skripsi/vendor/codeigniter4/framework/system/CodeIgniter.php(936): App\Controllers\Transaksi->rekap()
#7 /home/zangetsu/project_skripsi/vendor/codeigniter4/framework/system/CodeIgniter.php(432): CodeIgniter\CodeIgniter->runController()
#8 /home/zangetsu/project_skripsi/vendor/codeigniter4/framework/system/CodeIgniter.php(333): CodeIgniter\CodeIgniter->handleRequest()
#9 /home/zangetsu/project_skripsi/public/index.php(44): CodeIgniter\CodeIgniter->run()
#10 /home/zangetsu/project_skripsi/vendor/codeigniter4/framework/system/Commands/Server/rewrite.php(45): require_once('/home/zangetsu/...')
#11 {main}
CRITICAL - 2021-03-30 15:44:32 --> You have an error in your SQL syntax; check the manual that corresponds to your MySQL server version for the right syntax to use near 'IS NULL' at line 5
#0 /home/zangetsu/project_skripsi/vendor/codeigniter4/framework/system/Database/MySQLi/Connection.php(314): mysqli->query()
#1 /home/zangetsu/project_skripsi/vendor/codeigniter4/framework/system/Database/BaseConnection.php(713): CodeIgniter\Database\MySQLi\Connection->execute()
#2 /home/zangetsu/project_skripsi/vendor/codeigniter4/framework/system/Database/BaseConnection.php(641): CodeIgniter\Database\BaseConnection->simpleQuery()
#3 /home/zangetsu/project_skripsi/vendor/codeigniter4/framework/system/Database/BaseBuilder.php(1866): CodeIgniter\Database\BaseConnection->query()
#4 /home/zangetsu/project_skripsi/app/Models/TransaksiModel.php(70): CodeIgniter\Database\BaseBuilder->get()
#5 /home/zangetsu/project_skripsi/app/Controllers/Transaksi.php(150): App\Models\TransaksiModel->rekapTransaksi()
#6 /home/zangetsu/project_skripsi/vendor/codeigniter4/framework/system/CodeIgniter.php(936): App\Controllers\Transaksi->rekap()
#7 /home/zangetsu/project_skripsi/vendor/codeigniter4/framework/system/CodeIgniter.php(432): CodeIgniter\CodeIgniter->runController()
#8 /home/zangetsu/project_skripsi/vendor/codeigniter4/framework/system/CodeIgniter.php(333): CodeIgniter\CodeIgniter->handleRequest()
#9 /home/zangetsu/project_skripsi/public/index.php(44): CodeIgniter\CodeIgniter->run()
#10 /home/zangetsu/project_skripsi/vendor/codeigniter4/framework/system/Commands/Server/rewrite.php(45): require_once('/home/zangetsu/...')
#11 {main}
CRITICAL - 2021-03-30 15:44:34 --> Undefined index: style
#0 /home/zangetsu/project_skripsi/vendor/tecnickcom/tcpdf/tcpdf.php(19275): CodeIgniter\Debug\Exceptions->errorHandler()
#1 /home/zangetsu/project_skripsi/vendor/tecnickcom/tcpdf/tcpdf.php(18748): TCPDF->openHTMLTagHandler()
#2 /home/zangetsu/project_skripsi/app/Controllers/Transaksi.php(167): TCPDF->writeHTML()
#3 /home/zangetsu/project_skripsi/vendor/codeigniter4/framework/system/CodeIgniter.php(936): App\Controllers\Transaksi->rekap()
#4 /home/zangetsu/project_skripsi/vendor/codeigniter4/framework/system/CodeIgniter.php(432): CodeIgniter\CodeIgniter->runController()
#5 /home/zangetsu/project_skripsi/vendor/codeigniter4/framework/system/CodeIgniter.php(333): CodeIgniter\CodeIgniter->handleRequest()
#6 /home/zangetsu/project_skripsi/public/index.php(44): CodeIgniter\CodeIgniter->run()
#7 /home/zangetsu/project_skripsi/vendor/codeigniter4/framework/system/Commands/Server/rewrite.php(45): require_once('/home/zangetsu/...')
#8 {main}
CRITICAL - 2021-03-30 15:45:18 --> Undefined index: id
#0 /home/zangetsu/project_skripsi/app/Views/transaksi/rekap.php(47): CodeIgniter\Debug\Exceptions->errorHandler()
#1 /home/zangetsu/project_skripsi/vendor/codeigniter4/framework/system/View/View.php(220): include('/home/zangetsu/...')
#2 /home/zangetsu/project_skripsi/vendor/codeigniter4/framework/system/View/View.php(222): CodeIgniter\View\View->CodeIgniter\View\{closure}()
#3 /home/zangetsu/project_skripsi/vendor/codeigniter4/framework/system/Common.php(1217): CodeIgniter\View\View->render()
#4 /home/zangetsu/project_skripsi/app/Controllers/Transaksi.php(158): view()
#5 /home/zangetsu/project_skripsi/vendor/codeigniter4/framework/system/CodeIgniter.php(936): App\Controllers\Transaksi->rekap()
#6 /home/zangetsu/project_skripsi/vendor/codeigniter4/framework/system/CodeIgniter.php(432): CodeIgniter\CodeIgniter->runController()
#7 /home/zangetsu/project_skripsi/vendor/codeigniter4/framework/system/CodeIgniter.php(333): CodeIgniter\CodeIgniter->handleRequest()
#8 /home/zangetsu/project_skripsi/public/index.php(44): CodeIgniter\CodeIgniter->run()
#9 /home/zangetsu/project_skripsi/vendor/codeigniter4/framework/system/Commands/Server/rewrite.php(45): require_once('/home/zangetsu/...')
#10 {main}
CRITICAL - 2021-03-30 15:46:24 --> Undefined index: id
#0 /home/zangetsu/project_skripsi/app/Views/transaksi/rekap.php(47): CodeIgniter\Debug\Exceptions->errorHandler()
#1 /home/zangetsu/project_skripsi/vendor/codeigniter4/framework/system/View/View.php(220): include('/home/zangetsu/...')
#2 /home/zangetsu/project_skripsi/vendor/codeigniter4/framework/system/View/View.php(222): CodeIgniter\View\View->CodeIgniter\View\{closure}()
#3 /home/zangetsu/project_skripsi/vendor/codeigniter4/framework/system/Common.php(1217): CodeIgniter\View\View->render()
#4 /home/zangetsu/project_skripsi/app/Controllers/Transaksi.php(158): view()
#5 /home/zangetsu/project_skripsi/vendor/codeigniter4/framework/system/CodeIgniter.php(936): App\Controllers\Transaksi->rekap()
#6 /home/zangetsu/project_skripsi/vendor/codeigniter4/framework/system/CodeIgniter.php(432): CodeIgniter\CodeIgniter->runController()
#7 /home/zangetsu/project_skripsi/vendor/codeigniter4/framework/system/CodeIgniter.php(333): CodeIgniter\CodeIgniter->handleRequest()
#8 /home/zangetsu/project_skripsi/public/index.php(44): CodeIgniter\CodeIgniter->run()
#9 /home/zangetsu/project_skripsi/vendor/codeigniter4/framework/system/Commands/Server/rewrite.php(45): require_once('/home/zangetsu/...')
#10 {main}
CRITICAL - 2021-03-30 15:47:01 --> Undefined index: id
#0 /home/zangetsu/project_skripsi/app/Views/transaksi/rekap.php(49): CodeIgniter\Debug\Exceptions->errorHandler()
#1 /home/zangetsu/project_skripsi/vendor/codeigniter4/framework/system/View/View.php(220): include('/home/zangetsu/...')
#2 /home/zangetsu/project_skripsi/vendor/codeigniter4/framework/system/View/View.php(222): CodeIgniter\View\View->CodeIgniter\View\{closure}()
#3 /home/zangetsu/project_skripsi/vendor/codeigniter4/framework/system/Common.php(1217): CodeIgniter\View\View->render()
#4 /home/zangetsu/project_skripsi/app/Controllers/Transaksi.php(158): view()
#5 /home/zangetsu/project_skripsi/vendor/codeigniter4/framework/system/CodeIgniter.php(936): App\Controllers\Transaksi->rekap()
#6 /home/zangetsu/project_skripsi/vendor/codeigniter4/framework/system/CodeIgniter.php(432): CodeIgniter\CodeIgniter->runController()
#7 /home/zangetsu/project_skripsi/vendor/codeigniter4/framework/system/CodeIgniter.php(333): CodeIgniter\CodeIgniter->handleRequest()
#8 /home/zangetsu/project_skripsi/public/index.php(44): CodeIgniter\CodeIgniter->run()
#9 /home/zangetsu/project_skripsi/vendor/codeigniter4/framework/system/Commands/Server/rewrite.php(45): require_once('/home/zangetsu/...')
#10 {main}
CRITICAL - 2021-03-30 15:47:16 --> Undefined index: nama
#0 /home/zangetsu/project_skripsi/app/Views/transaksi/rekap.php(55): CodeIgniter\Debug\Exceptions->errorHandler()
#1 /home/zangetsu/project_skripsi/vendor/codeigniter4/framework/system/View/View.php(220): include('/home/zangetsu/...')
#2 /home/zangetsu/project_skripsi/vendor/codeigniter4/framework/system/View/View.php(222): CodeIgniter\View\View->CodeIgniter\View\{closure}()
#3 /home/zangetsu/project_skripsi/vendor/codeigniter4/framework/system/Common.php(1217): CodeIgniter\View\View->render()
#4 /home/zangetsu/project_skripsi/app/Controllers/Transaksi.php(158): view()
#5 /home/zangetsu/project_skripsi/vendor/codeigniter4/framework/system/CodeIgniter.php(936): App\Controllers\Transaksi->rekap()
#6 /home/zangetsu/project_skripsi/vendor/codeigniter4/framework/system/CodeIgniter.php(432): CodeIgniter\CodeIgniter->runController()
#7 /home/zangetsu/project_skripsi/vendor/codeigniter4/framework/system/CodeIgniter.php(333): CodeIgniter\CodeIgniter->handleRequest()
#8 /home/zangetsu/project_skripsi/public/index.php(44): CodeIgniter\CodeIgniter->run()
#9 /home/zangetsu/project_skripsi/vendor/codeigniter4/framework/system/Commands/Server/rewrite.php(45): require_once('/home/zangetsu/...')
#10 {main}
CRITICAL - 2021-03-30 15:47:54 --> Undefined index: created_at
#0 /home/zangetsu/project_skripsi/app/Views/transaksi/rekap.php(67): CodeIgniter\Debug\Exceptions->errorHandler()
#1 /home/zangetsu/project_skripsi/vendor/codeigniter4/framework/system/View/View.php(220): include('/home/zangetsu/...')
#2 /home/zangetsu/project_skripsi/vendor/codeigniter4/framework/system/View/View.php(222): CodeIgniter\View\View->CodeIgniter\View\{closure}()
#3 /home/zangetsu/project_skripsi/vendor/codeigniter4/framework/system/Common.php(1217): CodeIgniter\View\View->render()
#4 /home/zangetsu/project_skripsi/app/Controllers/Transaksi.php(158): view()
#5 /home/zangetsu/project_skripsi/vendor/codeigniter4/framework/system/CodeIgniter.php(936): App\Controllers\Transaksi->rekap()
#6 /home/zangetsu/project_skripsi/vendor/codeigniter4/framework/system/CodeIgniter.php(432): CodeIgniter\CodeIgniter->runController()
#7 /home/zangetsu/project_skripsi/vendor/codeigniter4/framework/system/CodeIgniter.php(333): CodeIgniter\CodeIgniter->handleRequest()
#8 /home/zangetsu/project_skripsi/public/index.php(44): CodeIgniter\CodeIgniter->run()
#9 /home/zangetsu/project_skripsi/vendor/codeigniter4/framework/system/Commands/Server/rewrite.php(45): require_once('/home/zangetsu/...')
#10 {main}
CRITICAL - 2021-03-30 15:48:27 --> Undefined index: style
#0 /home/zangetsu/project_skripsi/vendor/tecnickcom/tcpdf/tcpdf.php(19275): CodeIgniter\Debug\Exceptions->errorHandler()
#1 /home/zangetsu/project_skripsi/vendor/tecnickcom/tcpdf/tcpdf.php(18748): TCPDF->openHTMLTagHandler()
#2 /home/zangetsu/project_skripsi/app/Controllers/Transaksi.php(167): TCPDF->writeHTML()
#3 /home/zangetsu/project_skripsi/vendor/codeigniter4/framework/system/CodeIgniter.php(936): App\Controllers\Transaksi->rekap()
#4 /home/zangetsu/project_skripsi/vendor/codeigniter4/framework/system/CodeIgniter.php(432): CodeIgniter\CodeIgniter->runController()
#5 /home/zangetsu/project_skripsi/vendor/codeigniter4/framework/system/CodeIgniter.php(333): CodeIgniter\CodeIgniter->handleRequest()
#6 /home/zangetsu/project_skripsi/public/index.php(44): CodeIgniter\CodeIgniter->run()
#7 /home/zangetsu/project_skripsi/vendor/codeigniter4/framework/system/Commands/Server/rewrite.php(45): require_once('/home/zangetsu/...')
#8 {main}
CRITICAL - 2021-03-30 15:49:02 --> Undefined index: style
#0 /home/zangetsu/project_skripsi/vendor/tecnickcom/tcpdf/tcpdf.php(19275): CodeIgniter\Debug\Exceptions->errorHandler()
#1 /home/zangetsu/project_skripsi/vendor/tecnickcom/tcpdf/tcpdf.php(18748): TCPDF->openHTMLTagHandler()
#2 /home/zangetsu/project_skripsi/app/Controllers/Transaksi.php(167): TCPDF->writeHTML()
#3 /home/zangetsu/project_skripsi/vendor/codeigniter4/framework/system/CodeIgniter.php(936): App\Controllers\Transaksi->rekap()
#4 /home/zangetsu/project_skripsi/vendor/codeigniter4/framework/system/CodeIgniter.php(432): CodeIgniter\CodeIgniter->runController()
#5 /home/zangetsu/project_skripsi/vendor/codeigniter4/framework/system/CodeIgniter.php(333): CodeIgniter\CodeIgniter->handleRequest()
#6 /home/zangetsu/project_skripsi/public/index.php(44): CodeIgniter\CodeIgniter->run()
#7 /home/zangetsu/project_skripsi/vendor/codeigniter4/framework/system/Commands/Server/rewrite.php(45): require_once('/home/zangetsu/...')
#8 {main}
ERROR - 2021-03-30 15:54:00 --> mysqli_sql_exception: You have an error in your SQL syntax; check the manual that corresponds to your MySQL server version for the right syntax to use near 'IS NULL' at line 5 in /home/zangetsu/project_skripsi/vendor/codeigniter4/framework/system/Database/MySQLi/Connection.php:314
Stack trace:
#0 /home/zangetsu/project_skripsi/vendor/codeigniter4/framework/system/Database/MySQLi/Connection.php(314): mysqli->query()
#1 /home/zangetsu/project_skripsi/vendor/codeigniter4/framework/system/Database/BaseConnection.php(713): CodeIgniter\Database\MySQLi\Connection->execute()
#2 /home/zangetsu/project_skripsi/vendor/codeigniter4/framework/system/Database/BaseConnection.php(641): CodeIgniter\Database\BaseConnection->simpleQuery()
#3 /home/zangetsu/project_skripsi/vendor/codeigniter4/framework/system/Database/BaseBuilder.php(1866): CodeIgniter\Database\BaseConnection->query()
#4 /home/zangetsu/project_skripsi/app/Models/TransaksiModel.php(70): CodeIgniter\Database\BaseBuilder->get()
#5 /home/zangetsu/project_skripsi/app/Controllers/Transaksi.php(150): App\Models\TransaksiModel->rekapTransaksi()
#6 /home/zangetsu/project_skripsi/vendor/codeigniter4/framework/system/CodeIgniter.php(936): App\Controllers\Transaksi->rekap()
#7 /home/zangetsu/project_skripsi/vendor/codeigniter4/framework/system/CodeIgniter.php(432): CodeIgniter\CodeIgniter->runController()
#8 /home/zangetsu/project_skripsi/vendor/codeigniter4/framework/system/CodeIgniter.php(333): CodeIgniter\CodeIgniter->handleRequest()
#9 /home/zangetsu/project_skripsi/public/index.php(44): CodeIgniter\CodeIgniter->run()
#10 /home/zangetsu/project_skripsi/vendor/codeigniter4/framework/system/Commands/Server/rewrite.php(45): require_once('/home/zangetsu/...')
#11 {main}
CRITICAL - 2021-03-30 15:54:00 --> You have an error in your SQL syntax; check the manual that corresponds to your MySQL server version for the right syntax to use near 'IS NULL' at line 5
#0 /home/zangetsu/project_skripsi/vendor/codeigniter4/framework/system/Database/MySQLi/Connection.php(314): mysqli->query()
#1 /home/zangetsu/project_skripsi/vendor/codeigniter4/framework/system/Database/BaseConnection.php(713): CodeIgniter\Database\MySQLi\Connection->execute()
#2 /home/zangetsu/project_skripsi/vendor/codeigniter4/framework/system/Database/BaseConnection.php(641): CodeIgniter\Database\BaseConnection->simpleQuery()
#3 /home/zangetsu/project_skripsi/vendor/codeigniter4/framework/system/Database/BaseBuilder.php(1866): CodeIgniter\Database\BaseConnection->query()
#4 /home/zangetsu/project_skripsi/app/Models/TransaksiModel.php(70): CodeIgniter\Database\BaseBuilder->get()
#5 /home/zangetsu/project_skripsi/app/Controllers/Transaksi.php(150): App\Models\TransaksiModel->rekapTransaksi()
#6 /home/zangetsu/project_skripsi/vendor/codeigniter4/framework/system/CodeIgniter.php(936): App\Controllers\Transaksi->rekap()
#7 /home/zangetsu/project_skripsi/vendor/codeigniter4/framework/system/CodeIgniter.php(432): CodeIgniter\CodeIgniter->runController()
#8 /home/zangetsu/project_skripsi/vendor/codeigniter4/framework/system/CodeIgniter.php(333): CodeIgniter\CodeIgniter->handleRequest()
#9 /home/zangetsu/project_skripsi/public/index.php(44): CodeIgniter\CodeIgniter->run()
#10 /home/zangetsu/project_skripsi/vendor/codeigniter4/framework/system/Commands/Server/rewrite.php(45): require_once('/home/zangetsu/...')
#11 {main}
